0 verbose cli C:\Program Files\nodejs\node.exe C:\Users\Preet\AppData\Roaming\npm\node_modules\npm\bin\npm-cli.js
1 info using npm@11.6.0
2 info using node@v22.20.0
3 silly config load:file:C:\Users\Preet\AppData\Roaming\npm\node_modules\npm\npmrc
4 silly config load:file:C:\Users\Preet\Desktop\ARPK-V.0.2\arpk\.npmrc
5 silly config load:file:C:\Users\Preet\.npmrc
6 silly config load:file:C:\Users\Preet\AppData\Roaming\npm\etc\npmrc
7 verbose title npm i jspdf
8 verbose argv "i" "jspdf" "--save"
9 verbose logfile logs-max:10 dir:C:\Users\Preet\Desktop\ARPK-V.0.2\arpk\%USERPROFILE%\npm-cache-tmp\_logs\2025-10-07T18_47_50_822Z-
10 verbose logfile C:\Users\Preet\Desktop\ARPK-V.0.2\arpk\%USERPROFILE%\npm-cache-tmp\_logs\2025-10-07T18_47_50_822Z-debug-0.log
11 silly logfile done cleaning log files
12 silly packumentCache heap:4345298944 maxSize:1086324736 maxEntrySize:543162368
13 silly idealTree buildDeps
14 silly fetch manifest jspdf@*
15 silly packumentCache full:https://registry.npmjs.org/jspdf cache-miss
16 http fetch GET 200 https://registry.npmjs.org/npm 2900ms
17 http fetch GET 200 https://registry.npmjs.org/jspdf 1713ms (cache miss)
18 silly packumentCache full:https://registry.npmjs.org/jspdf set size:undefined disposed:false
19 silly placeDep ROOT jspdf@3.0.3 OK for: arpk@0.1.0 want: *
20 silly fetch manifest @babel/runtime@^7.26.9
21 silly packumentCache full:https://registry.npmjs.org/@babel%2fruntime cache-miss
22 silly fetch manifest fflate@^0.8.1
23 silly packumentCache full:https://registry.npmjs.org/fflate cache-miss
24 silly fetch manifest fast-png@^6.2.0
25 silly packumentCache full:https://registry.npmjs.org/fast-png cache-miss
26 silly fetch manifest canvg@^3.0.11
27 silly packumentCache full:https://registry.npmjs.org/canvg cache-miss
28 silly fetch manifest core-js@^3.6.0
29 silly packumentCache full:https://registry.npmjs.org/core-js cache-miss
30 silly fetch manifest dompurify@^3.2.4
31 silly packumentCache full:https://registry.npmjs.org/dompurify cache-miss
32 silly fetch manifest html2canvas@^1.0.0-rc.5
33 silly packumentCache full:https://registry.npmjs.org/html2canvas cache-miss
34 http fetch GET 200 https://registry.npmjs.org/fflate 3876ms (cache miss)
35 silly packumentCache full:https://registry.npmjs.org/fflate set size:undefined disposed:false
36 http fetch GET 200 https://registry.npmjs.org/fast-png 4610ms (cache miss)
37 silly packumentCache full:https://registry.npmjs.org/fast-png set size:undefined disposed:false
38 http fetch GET 200 https://registry.npmjs.org/canvg 4830ms (cache miss)
39 silly packumentCache full:https://registry.npmjs.org/canvg set size:undefined disposed:false
40 http fetch GET 200 https://registry.npmjs.org/html2canvas 4875ms (cache miss)
41 silly packumentCache full:https://registry.npmjs.org/html2canvas set size:undefined disposed:false
42 http fetch GET 200 https://registry.npmjs.org/dompurify 5192ms (cache miss)
43 silly packumentCache full:https://registry.npmjs.org/dompurify set size:undefined disposed:false
44 http fetch GET 200 https://registry.npmjs.org/core-js 5512ms (cache miss)
45 silly packumentCache full:https://registry.npmjs.org/core-js set size:undefined disposed:false
46 http fetch GET 200 https://registry.npmjs.org/@babel%2fruntime 6300ms (cache miss)
47 silly packumentCache full:https://registry.npmjs.org/@babel%2fruntime set size:undefined disposed:false
48 silly placeDep ROOT @babel/runtime@7.28.4 OK for: jspdf@3.0.3 want: ^7.26.9
49 silly placeDep ROOT canvg@3.0.11 OK for: jspdf@3.0.3 want: ^3.0.11
50 silly placeDep ROOT core-js@3.45.1 OK for: jspdf@3.0.3 want: ^3.6.0
51 silly placeDep ROOT dompurify@3.2.7 OK for: jspdf@3.0.3 want: ^3.2.4
52 silly placeDep ROOT fast-png@6.4.0 OK for: jspdf@3.0.3 want: ^6.2.0
53 silly placeDep ROOT fflate@0.8.2 OK for: jspdf@3.0.3 want: ^0.8.1
54 silly placeDep ROOT html2canvas@1.4.1 OK for: jspdf@3.0.3 want: ^1.0.0-rc.5
55 silly fetch manifest raf@^3.4.1
56 silly packumentCache full:https://registry.npmjs.org/raf cache-miss
57 silly fetch manifest core-js@^3.8.3
58 silly packumentCache full:https://registry.npmjs.org/core-js cache-miss
59 silly fetch manifest rgbcolor@^1.0.1
60 silly packumentCache full:https://registry.npmjs.org/rgbcolor cache-miss
61 silly fetch manifest @types/raf@^3.4.0
62 silly packumentCache full:https://registry.npmjs.org/@types%2fraf cache-miss
63 silly fetch manifest svg-pathdata@^6.0.3
64 silly packumentCache full:https://registry.npmjs.org/svg-pathdata cache-miss
65 silly fetch manifest stackblur-canvas@^2.0.0
66 silly packumentCache full:https://registry.npmjs.org/stackblur-canvas cache-miss
67 silly fetch manifest regenerator-runtime@^0.13.7
68 silly packumentCache full:https://registry.npmjs.org/regenerator-runtime cache-miss
69 http cache https://registry.npmjs.org/core-js 736ms (cache hit)
70 silly packumentCache full:https://registry.npmjs.org/core-js set size:770036 disposed:false
71 silly fetch manifest @types/trusted-types@^2.0.7
72 silly packumentCache full:https://registry.npmjs.org/@types%2ftrusted-types cache-miss
73 http fetch GET 200 https://registry.npmjs.org/rgbcolor 1101ms (cache miss)
74 silly packumentCache full:https://registry.npmjs.org/rgbcolor set size:undefined disposed:false
75 silly fetch manifest pako@^2.1.0
76 silly packumentCache full:https://registry.npmjs.org/pako cache-miss
77 http fetch GET 200 https://registry.npmjs.org/raf 1136ms (cache miss)
78 silly packumentCache full:https://registry.npmjs.org/raf set size:undefined disposed:false
79 silly fetch manifest iobuffer@^5.3.2
80 silly packumentCache full:https://registry.npmjs.org/iobuffer cache-miss
81 http fetch GET 200 https://registry.npmjs.org/@types%2fraf 1282ms (cache miss)
82 silly packumentCache full:https://registry.npmjs.org/@types%2fraf set size:undefined disposed:false
83 silly fetch manifest @types/pako@^2.0.3
84 silly packumentCache full:https://registry.npmjs.org/@types%2fpako cache-miss
85 http fetch GET 200 https://registry.npmjs.org/stackblur-canvas 1439ms (cache miss)
86 silly packumentCache full:https://registry.npmjs.org/stackblur-canvas set size:undefined disposed:false
87 silly fetch manifest css-line-break@^2.1.0
88 silly packumentCache full:https://registry.npmjs.org/css-line-break cache-miss
89 http fetch GET 200 https://registry.npmjs.org/regenerator-runtime 1608ms (cache miss)
90 silly packumentCache full:https://registry.npmjs.org/regenerator-runtime set size:undefined disposed:false
91 silly fetch manifest text-segmentation@^1.0.3
92 silly packumentCache full:https://registry.npmjs.org/text-segmentation cache-miss
93 http fetch GET 200 https://registry.npmjs.org/svg-pathdata 1900ms (cache miss)
94 silly packumentCache full:https://registry.npmjs.org/svg-pathdata set size:undefined disposed:false
95 http fetch GET 200 https://registry.npmjs.org/@types%2ftrusted-types 2140ms (cache miss)
96 silly packumentCache full:https://registry.npmjs.org/@types%2ftrusted-types set size:undefined disposed:false
97 http fetch GET 200 https://registry.npmjs.org/pako 1825ms (cache miss)
98 silly packumentCache full:https://registry.npmjs.org/pako set size:undefined disposed:false
99 http fetch GET 200 https://registry.npmjs.org/@types%2fpako 1646ms (cache miss)
100 silly packumentCache full:https://registry.npmjs.org/@types%2fpako set size:undefined disposed:false
101 http fetch GET 200 https://registry.npmjs.org/css-line-break 1495ms (cache miss)
102 silly packumentCache full:https://registry.npmjs.org/css-line-break set size:undefined disposed:false
103 http fetch GET 200 https://registry.npmjs.org/text-segmentation 1310ms (cache miss)
104 silly packumentCache full:https://registry.npmjs.org/text-segmentation set size:undefined disposed:false
105 http fetch GET 200 https://registry.npmjs.org/iobuffer 1916ms (cache miss)
106 silly packumentCache full:https://registry.npmjs.org/iobuffer set size:undefined disposed:false
107 silly placeDep ROOT @types/raf@3.4.3 OK for: canvg@3.0.11 want: ^3.4.0
108 silly placeDep ROOT raf@3.4.1 OK for: canvg@3.0.11 want: ^3.4.1
109 silly placeDep ROOT regenerator-runtime@0.13.11 OK for: canvg@3.0.11 want: ^0.13.7
110 silly placeDep ROOT rgbcolor@1.0.1 OK for: canvg@3.0.11 want: ^1.0.1
111 silly placeDep ROOT stackblur-canvas@2.7.0 OK for: canvg@3.0.11 want: ^2.0.0
112 silly placeDep ROOT svg-pathdata@6.0.3 OK for: canvg@3.0.11 want: ^6.0.3
113 silly fetch manifest performance-now@^2.1.0
114 silly packumentCache full:https://registry.npmjs.org/performance-now cache-miss
115 http fetch GET 200 https://registry.npmjs.org/performance-now 287ms (cache miss)
116 silly packumentCache full:https://registry.npmjs.org/performance-now set size:undefined disposed:false
117 silly placeDep ROOT @types/trusted-types@2.0.7 OK for: dompurify@3.2.7 want: ^2.0.7
118 silly placeDep ROOT @types/pako@2.0.4 OK for: fast-png@6.4.0 want: ^2.0.3
119 silly placeDep ROOT iobuffer@5.4.0 OK for: fast-png@6.4.0 want: ^5.3.2
120 silly placeDep ROOT pako@2.1.0 OK for: fast-png@6.4.0 want: ^2.1.0
121 silly placeDep ROOT css-line-break@2.1.0 OK for: html2canvas@1.4.1 want: ^2.1.0
122 silly placeDep ROOT text-segmentation@1.0.3 OK for: html2canvas@1.4.1 want: ^1.0.3
123 silly fetch manifest utrie@^1.0.2
124 silly packumentCache full:https://registry.npmjs.org/utrie cache-miss
125 silly fetch manifest utrie@^1.0.2
126 silly packumentCache full:https://registry.npmjs.org/utrie cache-miss
127 http fetch GET 200 https://registry.npmjs.org/utrie 153ms (cache miss)
128 silly packumentCache full:https://registry.npmjs.org/utrie set size:undefined disposed:false
129 http fetch GET 200 https://registry.npmjs.org/utrie 158ms (cache miss)
130 silly packumentCache full:https://registry.npmjs.org/utrie set size:undefined disposed:false
131 silly placeDep ROOT utrie@1.0.2 OK for: css-line-break@2.1.0 want: ^1.0.2
132 silly fetch manifest base64-arraybuffer@^1.0.2
133 silly packumentCache full:https://registry.npmjs.org/base64-arraybuffer cache-miss
134 http fetch GET 200 https://registry.npmjs.org/base64-arraybuffer 119ms (cache miss)
135 silly packumentCache full:https://registry.npmjs.org/base64-arraybuffer set size:undefined disposed:false
136 silly placeDep ROOT performance-now@2.1.0 OK for: raf@3.4.1 want: ^2.1.0
137 silly placeDep ROOT base64-arraybuffer@1.0.2 OK for: utrie@1.0.2 want: ^1.0.2
138 silly reify moves {}
139 silly audit bulk request {
139 silly audit   '@alloc/quick-lru': [ '5.2.0' ],
139 silly audit   '@emnapi/core': [ '1.5.0' ],
139 silly audit   '@emnapi/runtime': [ '1.5.0' ],
139 silly audit   '@emnapi/wasi-threads': [ '1.1.0' ],
139 silly audit   '@eslint-community/eslint-utils': [ '4.9.0' ],
139 silly audit   'eslint-visitor-keys': [ '3.4.3', '4.2.1' ],
139 silly audit   '@eslint-community/regexpp': [ '4.12.1' ],
139 silly audit   '@eslint/config-array': [ '0.21.0' ],
139 silly audit   '@eslint/object-schema': [ '2.1.6' ],
139 silly audit   '@eslint/config-helpers': [ '0.3.1' ],
139 silly audit   '@eslint/core': [ '0.15.2' ],
139 silly audit   '@eslint/eslintrc': [ '3.3.1' ],
139 silly audit   '@eslint/js': [ '9.36.0' ],
139 silly audit   '@eslint/plugin-kit': [ '0.3.5' ],
139 silly audit   levn: [ '0.4.1' ],
139 silly audit   'prelude-ls': [ '1.2.1' ],
139 silly audit   'type-check': [ '0.4.0' ],
139 silly audit   '@firebase/ai': [ '2.3.0' ],
139 silly audit   tslib: [ '2.8.1' ],
139 silly audit   '@firebase/analytics': [ '0.10.18' ],
139 silly audit   '@firebase/analytics-compat': [ '0.2.24' ],
139 silly audit   '@firebase/analytics-types': [ '0.8.3' ],
139 silly audit   '@firebase/app': [ '0.14.3' ],
139 silly audit   '@firebase/app-check': [ '0.11.0' ],
139 silly audit   '@firebase/app-check-compat': [ '0.4.0' ],
139 silly audit   '@firebase/app-check-interop-types': [ '0.3.3' ],
139 silly audit   '@firebase/app-check-types': [ '0.5.3' ],
139 silly audit   '@firebase/app-compat': [ '0.5.3' ],
139 silly audit   '@firebase/app-types': [ '0.9.3' ],
139 silly audit   '@firebase/auth-compat': [ '0.6.0' ],
139 silly audit   '@firebase/auth': [ '1.11.0' ],
139 silly audit   '@firebase/auth-interop-types': [ '0.2.4' ],
139 silly audit   '@firebase/auth-types': [ '0.13.0' ],
139 silly audit   '@firebase/component': [ '0.7.0' ],
139 silly audit   '@firebase/data-connect': [ '0.3.11' ],
139 silly audit   '@firebase/database': [ '1.1.0' ],
139 silly audit   '@firebase/database-compat': [ '2.1.0' ],
139 silly audit   '@firebase/database-types': [ '1.0.16' ],
139 silly audit   '@firebase/firestore': [ '4.9.2' ],
139 silly audit   '@firebase/firestore-compat': [ '0.4.2' ],
139 silly audit   '@firebase/firestore-types': [ '3.0.3' ],
139 silly audit   '@firebase/functions': [ '0.13.1' ],
139 silly audit   '@firebase/functions-compat': [ '0.4.1' ],
139 silly audit   '@firebase/functions-types': [ '0.6.3' ],
139 silly audit   '@firebase/installations': [ '0.6.19' ],
139 silly audit   '@firebase/installations-compat': [ '0.2.19' ],
139 silly audit   '@firebase/installations-types': [ '0.5.3' ],
139 silly audit   '@firebase/logger': [ '0.5.0' ],
139 silly audit   '@firebase/messaging': [ '0.12.23' ],
139 silly audit   '@firebase/messaging-compat': [ '0.2.23' ],
139 silly audit   '@firebase/messaging-interop-types': [ '0.2.3' ],
139 silly audit   '@firebase/performance': [ '0.7.9' ],
139 silly audit   '@firebase/performance-compat': [ '0.2.22' ],
139 silly audit   '@firebase/performance-types': [ '0.2.3' ],
139 silly audit   '@firebase/remote-config': [ '0.7.0' ],
139 silly audit   '@firebase/remote-config-compat': [ '0.2.20' ],
139 silly audit   '@firebase/remote-config-types': [ '0.5.0' ],
139 silly audit   '@firebase/storage': [ '0.14.0' ],
139 silly audit   '@firebase/storage-compat': [ '0.4.0' ],
139 silly audit   '@firebase/storage-types': [ '0.8.3' ],
139 silly audit   '@firebase/util': [ '1.13.0' ],
139 silly audit   '@firebase/webchannel-wrapper': [ '1.0.5' ],
139 silly audit   '@grpc/grpc-js': [ '1.9.15' ],
139 silly audit   '@grpc/proto-loader': [ '0.7.15' ],
139 silly audit   '@gsap/react': [ '2.1.2' ],
139 silly audit   '@humanfs/node': [ '0.16.7' ],
139 silly audit   '@humanfs/core': [ '0.19.1' ],
139 silly audit   '@humanwhocodes/module-importer': [ '1.0.1' ],
139 silly audit   '@humanwhocodes/retry': [ '0.4.3' ],
139 silly audit   '@napi-rs/wasm-runtime': [ '0.2.12' ],
139 silly audit   '@next/env': [ '15.5.4' ],
139 silly audit   '@next/eslint-plugin-next': [ '15.5.4' ],
139 silly audit   '@nodelib/fs.scandir': [ '2.1.5' ],
139 silly audit   '@nodelib/fs.stat': [ '2.0.5' ],
139 silly audit   '@nodelib/fs.walk': [ '1.2.8' ],
139 silly audit   braces: [ '3.0.3' ],
139 silly audit   'fast-glob': [ '3.3.1', '3.3.3' ],
139 silly audit   fastq: [ '1.19.1' ],
139 silly audit   'fill-range': [ '7.1.1' ],
139 silly audit   'glob-parent': [ '5.1.2', '6.0.2' ],
139 silly audit   'is-number': [ '7.0.0' ],
139 silly audit   merge2: [ '1.4.1' ],
139 silly audit   micromatch: [ '4.0.8' ],
139 silly audit   picomatch: [ '2.3.1', '4.0.3' ],
139 silly audit   'queue-microtask': [ '1.2.3' ],
139 silly audit   reusify: [ '1.1.0' ],
139 silly audit   'run-parallel': [ '1.2.0' ],
139 silly audit   'to-regex-range': [ '5.0.1' ],
139 silly audit   '@next/swc-darwin-arm64': [ '15.5.4' ],
139 silly audit   '@next/swc-darwin-x64': [ '15.5.4' ],
139 silly audit   '@next/swc-linux-arm64-gnu': [ '15.5.4' ],
139 silly audit   '@next/swc-linux-arm64-musl': [ '15.5.4' ],
139 silly audit   '@next/swc-linux-x64-gnu': [ '15.5.4' ],
139 silly audit   '@next/swc-linux-x64-musl': [ '15.5.4' ],
139 silly audit   '@next/swc-win32-arm64-msvc': [ '15.5.4' ],
139 silly audit   '@next/swc-win32-x64-msvc': [ '15.5.4' ],
139 silly audit   '@protobufjs/aspromise': [ '1.1.2' ],
139 silly audit   '@protobufjs/base64': [ '1.1.2' ],
139 silly audit   '@protobufjs/codegen': [ '2.0.4' ],
139 silly audit   '@protobufjs/eventemitter': [ '1.1.0' ],
139 silly audit   '@protobufjs/fetch': [ '1.1.0' ],
139 silly audit   '@protobufjs/float': [ '1.0.2' ],
139 silly audit   '@protobufjs/inquire': [ '1.1.0' ],
139 silly audit   '@protobufjs/path': [ '1.1.2' ],
139 silly audit   '@protobufjs/pool': [ '1.1.0' ],
139 silly audit   '@protobufjs/utf8': [ '1.1.0' ],
139 silly audit   '@radix-ui/react-compose-refs': [ '1.1.2' ],
139 silly audit   '@radix-ui/react-slot': [ '1.2.3' ],
139 silly audit   '@rushstack/eslint-patch': [ '1.12.0' ],
139 silly audit   '@stripe/react-stripe-js': [ '4.0.2' ],
139 silly audit   'object-assign': [ '4.1.1' ],
139 silly audit   'prop-types': [ '15.8.1' ],
139 silly audit   'react-is': [ '16.13.1' ],
139 silly audit   '@stripe/stripe-js': [ '7.9.0' ],
139 silly audit   '@swc/helpers': [ '0.5.15' ],
139 silly audit   '@tailwindcss/node': [ '4.1.13' ],
139 silly audit   '@jridgewell/gen-mapping': [ '0.3.13' ],
139 silly audit   '@jridgewell/remapping': [ '2.3.5' ],
139 silly audit   '@jridgewell/resolve-uri': [ '3.1.2' ],
139 silly audit   '@jridgewell/sourcemap-codec': [ '1.5.5' ],
139 silly audit   '@jridgewell/trace-mapping': [ '0.3.31' ],
139 silly audit   'detect-libc': [ '2.1.1' ],
139 silly audit   'enhanced-resolve': [ '5.18.3' ],
139 silly audit   'graceful-fs': [ '4.2.11' ],
139 silly audit   jiti: [ '2.6.0' ],
139 silly audit   lightningcss: [ '1.30.1' ],
139 silly audit   'lightningcss-darwin-arm64': [ '1.30.1' ],
139 silly audit   'lightningcss-darwin-x64': [ '1.30.1' ],
139 silly audit   'lightningcss-freebsd-x64': [ '1.30.1' ],
139 silly audit   'lightningcss-linux-arm-gnueabihf': [ '1.30.1' ],
139 silly audit   'lightningcss-linux-arm64-gnu': [ '1.30.1' ],
139 silly audit   'lightningcss-linux-arm64-musl': [ '1.30.1' ],
139 silly audit   'lightningcss-linux-x64-gnu': [ '1.30.1' ],
139 silly audit   'lightningcss-linux-x64-musl': [ '1.30.1' ],
139 silly audit   'lightningcss-win32-arm64-msvc': [ '1.30.1' ],
139 silly audit   'lightningcss-win32-x64-msvc': [ '1.30.1' ],
139 silly audit   'magic-string': [ '0.30.19' ],
139 silly audit   'source-map-js': [ '1.2.1' ],
139 silly audit   tapable: [ '2.2.3' ],
139 silly audit   '@tailwindcss/oxide': [ '4.1.13' ],
139 silly audit   '@isaacs/fs-minipass': [ '4.0.1' ],
139 silly audit   '@tailwindcss/oxide-android-arm64': [ '4.1.13' ],
139 silly audit   '@tailwindcss/oxide-darwin-arm64': [ '4.1.13' ],
139 silly audit   '@tailwindcss/oxide-darwin-x64': [ '4.1.13' ],
139 silly audit   '@tailwindcss/oxide-freebsd-x64': [ '4.1.13' ],
139 silly audit   '@tailwindcss/oxide-linux-arm-gnueabihf': [ '4.1.13' ],
139 silly audit   '@tailwindcss/oxide-linux-arm64-gnu': [ '4.1.13' ],
139 silly audit   '@tailwindcss/oxide-linux-arm64-musl': [ '4.1.13' ],
139 silly audit   '@tailwindcss/oxide-linux-x64-gnu': [ '4.1.13' ],
139 silly audit   '@tailwindcss/oxide-linux-x64-musl': [ '4.1.13' ],
139 silly audit   '@tailwindcss/oxide-wasm32-wasi': [ '4.1.13' ],
139 silly audit   '@tailwindcss/oxide-win32-arm64-msvc': [ '4.1.13' ],
139 silly audit   '@tailwindcss/oxide-win32-x64-msvc': [ '4.1.13' ],
139 silly audit   chownr: [ '3.0.0' ],
139 silly audit   minipass: [ '7.1.2' ],
139 silly audit   minizlib: [ '3.1.0' ],
139 silly audit   tar: [ '7.5.1' ],
139 silly audit   yallist: [ '5.0.0' ],
139 silly audit   '@tailwindcss/postcss': [ '4.1.13' ],
139 silly audit   '@tybys/wasm-util': [ '0.10.1' ],
139 silly audit   '@types/estree': [ '1.0.8' ],
139 silly audit   '@types/json-schema': [ '7.0.15' ],
139 silly audit   '@types/node': [ '20.19.18' ],
139 silly audit   '@types/react': [ '19.1.16' ],
139 silly audit   '@types/react-dom': [ '19.1.9' ],
139 silly audit   '@typescript-eslint/eslint-plugin': [ '8.45.0' ],
139 silly audit   '@typescript-eslint/project-service': [ '8.45.0' ],
139 silly audit   '@typescript-eslint/scope-manager': [ '8.45.0' ],
139 silly audit   '@typescript-eslint/tsconfig-utils': [ '8.45.0' ],
139 silly audit   '@typescript-eslint/type-utils': [ '8.45.0' ],
139 silly audit   '@typescript-eslint/types': [ '8.45.0' ],
139 silly audit   '@typescript-eslint/typescript-estree': [ '8.45.0' ],
139 silly audit   '@typescript-eslint/utils': [ '8.45.0' ],
139 silly audit   '@typescript-eslint/visitor-keys': [ '8.45.0' ],
139 silly audit   'balanced-match': [ '1.0.2' ],
139 silly audit   'brace-expansion': [ '2.0.2', '1.1.12' ],
139 silly audit   graphemer: [ '1.4.0' ],
139 silly audit   ignore: [ '7.0.5', '5.3.2' ],
139 silly audit   minimatch: [ '9.0.5', '3.1.2' ],
139 silly audit   semver: [ '7.7.2', '6.3.1' ],
139 silly audit   'ts-api-utils': [ '2.1.0' ],
139 silly audit   '@typescript-eslint/parser': [ '8.45.0' ],
139 silly audit   ajv: [ '6.12.6' ],
139 silly audit   'fast-json-stable-stringify': [ '2.1.0' ],
139 silly audit   'json-schema-traverse': [ '0.4.1' ],
139 silly audit   punycode: [ '2.3.1' ],
139 silly audit   'uri-js': [ '4.4.1' ],
139 silly audit   'ansi-regex': [ '5.0.1' ],
139 silly audit   autoprefixer: [ '10.4.21' ],
139 silly audit   'baseline-browser-mapping': [ '2.8.9' ],
139 silly audit   browserslist: [ '4.26.2' ],
139 silly audit   'caniuse-lite': [ '1.0.30001746' ],
139 silly audit   chalk: [ '4.1.2' ],
139 silly audit   'ansi-styles': [ '4.3.0' ],
139 silly audit   'color-convert': [ '2.0.1' ],
139 silly audit   'color-name': [ '1.1.4' ],
139 silly audit   'has-flag': [ '4.0.0' ],
139 silly audit   'supports-color': [ '7.2.0' ],
139 silly audit   'class-variance-authority': [ '0.7.1' ],
139 silly audit   cliui: [ '8.0.1' ],
139 silly audit   clsx: [ '2.1.1' ],
139 silly audit   'cross-spawn': [ '7.0.6' ],
139 silly audit   isexe: [ '2.0.0' ],
139 silly audit   'path-key': [ '3.1.1' ],
139 silly audit   'shebang-command': [ '2.0.0' ],
139 silly audit   'shebang-regex': [ '3.0.0' ],
139 silly audit   which: [ '2.0.2' ],
139 silly audit   csstype: [ '3.1.3' ],
139 silly audit   'date-fns': [ '4.1.0' ],
139 silly audit   debug: [ '4.4.3', '3.2.7' ],
139 silly audit   ms: [ '2.1.3' ],
139 silly audit   'electron-to-chromium': [ '1.5.227' ],
139 silly audit   escalade: [ '3.2.0' ],
139 silly audit   'escape-string-regexp': [ '4.0.0' ],
139 silly audit   eslint: [ '9.36.0' ],
139 silly audit   'eslint-config-next': [ '15.5.4' ],
139 silly audit   '@nolyfill/is-core-module': [ '1.0.39' ],
139 silly audit   '@unrs/resolver-binding-android-arm-eabi': [ '1.11.1' ],
139 silly audit   '@unrs/resolver-binding-android-arm64': [ '1.11.1' ],
139 silly audit   '@unrs/resolver-binding-darwin-arm64': [ '1.11.1' ],
139 silly audit   '@unrs/resolver-binding-darwin-x64': [ '1.11.1' ],
139 silly audit   '@unrs/resolver-binding-freebsd-x64': [ '1.11.1' ],
139 silly audit   '@unrs/resolver-binding-linux-arm-gnueabihf': [ '1.11.1' ],
139 silly audit   '@unrs/resolver-binding-linux-arm-musleabihf': [ '1.11.1' ],
139 silly audit   '@unrs/resolver-binding-linux-arm64-gnu': [ '1.11.1' ],
139 silly audit   '@unrs/resolver-binding-linux-arm64-musl': [ '1.11.1' ],
139 silly audit   '@unrs/resolver-binding-linux-ppc64-gnu': [ '1.11.1' ],
139 silly audit   '@unrs/resolver-binding-linux-riscv64-gnu': [ '1.11.1' ],
139 silly audit   '@unrs/resolver-binding-linux-riscv64-musl': [ '1.11.1' ],
139 silly audit   '@unrs/resolver-binding-linux-s390x-gnu': [ '1.11.1' ],
139 silly audit   '@unrs/resolver-binding-linux-x64-gnu': [ '1.11.1' ],
139 silly audit   '@unrs/resolver-binding-linux-x64-musl': [ '1.11.1' ],
139 silly audit   '@unrs/resolver-binding-wasm32-wasi': [ '1.11.1' ],
139 silly audit   '@unrs/resolver-binding-win32-arm64-msvc': [ '1.11.1' ],
139 silly audit   '@unrs/resolver-binding-win32-ia32-msvc': [ '1.11.1' ],
139 silly audit   '@unrs/resolver-binding-win32-x64-msvc': [ '1.11.1' ],
139 silly audit   'eslint-import-resolver-typescript': [ '3.10.1' ],
139 silly audit   fdir: [ '6.5.0' ],
139 silly audit   'get-tsconfig': [ '4.10.1' ],
139 silly audit   'is-bun-module': [ '2.0.0' ],
139 silly audit   'napi-postinstall': [ '0.3.3' ],
139 silly audit   'resolve-pkg-maps': [ '1.0.0' ],
139 silly audit   'stable-hash': [ '0.0.5' ],
139 silly audit   tinyglobby: [ '0.2.15' ],
139 silly audit   'unrs-resolver': [ '1.11.1' ],
139 silly audit   'eslint-import-resolver-node': [ '0.3.9' ],
139 silly audit   'function-bind': [ '1.1.2' ],
139 silly audit   hasown: [ '2.0.2' ],
139 silly audit   'is-core-module': [ '2.16.1' ],
139 silly audit   'path-parse': [ '1.0.7' ],
139 silly audit   resolve: [ '1.22.10', '2.0.0-next.5' ],
139 silly audit   'supports-preserve-symlinks-flag': [ '1.0.0' ],
139 silly audit   'eslint-plugin-import': [ '2.32.0' ],
139 silly audit   '@rtsao/scc': [ '1.1.0' ],
139 silly audit   '@types/json5': [ '0.0.29' ],
139 silly audit   'array-buffer-byte-length': [ '1.0.2' ],
139 silly audit   'array-includes': [ '3.1.9' ],
139 silly audit   'array.prototype.findlastindex': [ '1.2.6' ],
139 silly audit   'array.prototype.flat': [ '1.3.3' ],
139 silly audit   'array.prototype.flatmap': [ '1.3.3' ],
139 silly audit   'arraybuffer.prototype.slice': [ '1.0.4' ],
139 silly audit   'async-function': [ '1.0.0' ],
139 silly audit   'available-typed-arrays': [ '1.0.7' ],
139 silly audit   'call-bind': [ '1.0.8' ],
139 silly audit   'call-bind-apply-helpers': [ '1.0.2' ],
139 silly audit   'call-bound': [ '1.0.4' ],
139 silly audit   'data-view-buffer': [ '1.0.2' ],
139 silly audit   'data-view-byte-length': [ '1.0.2' ],
139 silly audit   'data-view-byte-offset': [ '1.0.1' ],
139 silly audit   'define-data-property': [ '1.1.4' ],
139 silly audit   'define-properties': [ '1.2.1' ],
139 silly audit   doctrine: [ '2.1.0' ],
139 silly audit   'dunder-proto': [ '1.0.1' ],
139 silly audit   'es-abstract': [ '1.24.0' ],
139 silly audit   'es-define-property': [ '1.0.1' ],
139 silly audit   'es-errors': [ '1.3.0' ],
139 silly audit   'es-object-atoms': [ '1.1.1' ],
139 silly audit   'es-set-tostringtag': [ '2.1.0' ],
139 silly audit   'es-shim-unscopables': [ '1.1.0' ],
139 silly audit   'es-to-primitive': [ '1.3.0' ],
139 silly audit   'eslint-module-utils': [ '2.12.1' ],
139 silly audit   'for-each': [ '0.3.5' ],
139 silly audit   'function.prototype.name': [ '1.1.8' ],
139 silly audit   'functions-have-names': [ '1.2.3' ],
139 silly audit   'get-intrinsic': [ '1.3.0' ],
139 silly audit   'get-proto': [ '1.0.1' ],
139 silly audit   'get-symbol-description': [ '1.1.0' ],
139 silly audit   globalthis: [ '1.0.4' ],
139 silly audit   gopd: [ '1.2.0' ],
139 silly audit   'has-bigints': [ '1.1.0' ],
139 silly audit   'has-property-descriptors': [ '1.0.2' ],
139 silly audit   'has-proto': [ '1.2.0' ],
139 silly audit   'has-symbols': [ '1.1.0' ],
139 silly audit   'has-tostringtag': [ '1.0.2' ],
139 silly audit   'internal-slot': [ '1.1.0' ],
139 silly audit   'is-array-buffer': [ '3.0.5' ],
139 silly audit   'is-async-function': [ '2.1.1' ],
139 silly audit   'is-bigint': [ '1.1.0' ],
139 silly audit   'is-boolean-object': [ '1.2.2' ],
139 silly audit   'is-callable': [ '1.2.7' ],
139 silly audit   'is-data-view': [ '1.0.2' ],
139 silly audit   'is-date-object': [ '1.1.0' ],
139 silly audit   'is-finalizationregistry': [ '1.1.1' ],
139 silly audit   'is-generator-function': [ '1.1.0' ],
139 silly audit   'is-map': [ '2.0.3' ],
139 silly audit   'is-negative-zero': [ '2.0.3' ],
139 silly audit   'is-number-object': [ '1.1.1' ],
139 silly audit   'is-regex': [ '1.2.1' ],
139 silly audit   'is-set': [ '2.0.3' ],
139 silly audit   'is-shared-array-buffer': [ '1.0.4' ],
139 silly audit   'is-string': [ '1.1.1' ],
139 silly audit   'is-symbol': [ '1.1.1' ],
139 silly audit   'is-typed-array': [ '1.1.15' ],
139 silly audit   'is-weakmap': [ '2.0.2' ],
139 silly audit   'is-weakref': [ '1.1.1' ],
139 silly audit   'is-weakset': [ '2.0.4' ],
139 silly audit   isarray: [ '2.0.5' ],
139 silly audit   json5: [ '1.0.2' ],
139 silly audit   'math-intrinsics': [ '1.1.0' ],
139 silly audit   minimist: [ '1.2.8' ],
139 silly audit   'object-inspect': [ '1.13.4' ],
139 silly audit   'object-keys': [ '1.1.1' ],
139 silly audit   'object.assign': [ '4.1.7' ],
139 silly audit   'object.fromentries': [ '2.0.8' ],
139 silly audit   'object.groupby': [ '1.0.3' ],
139 silly audit   'object.values': [ '1.2.1' ],
139 silly audit   'own-keys': [ '1.0.1' ],
139 silly audit   'possible-typed-array-names': [ '1.1.0' ],
139 silly audit   'reflect.getprototypeof': [ '1.0.10' ],
139 silly audit   'regexp.prototype.flags': [ '1.5.4' ],
139 silly audit   'safe-array-concat': [ '1.1.3' ],
139 silly audit   'safe-push-apply': [ '1.0.0' ],
139 silly audit   'safe-regex-test': [ '1.1.0' ],
139 silly audit   'set-function-length': [ '1.2.2' ],
139 silly audit   'set-function-name': [ '2.0.2' ],
139 silly audit   'set-proto': [ '1.0.0' ],
139 silly audit   'side-channel': [ '1.1.0' ],
139 silly audit   'side-channel-list': [ '1.0.0' ],
139 silly audit   'side-channel-map': [ '1.0.1' ],
139 silly audit   'side-channel-weakmap': [ '1.0.2' ],
139 silly audit   'stop-iteration-iterator': [ '1.1.0' ],
139 silly audit   'string.prototype.trim': [ '1.2.10' ],
139 silly audit   'string.prototype.trimend': [ '1.0.9' ],
139 silly audit   'string.prototype.trimstart': [ '1.0.8' ],
139 silly audit   'strip-bom': [ '3.0.0' ],
139 silly audit   'tsconfig-paths': [ '3.15.0' ],
139 silly audit   'typed-array-buffer': [ '1.0.3' ],
139 silly audit   'typed-array-byte-length': [ '1.0.3' ],
139 silly audit   'typed-array-byte-offset': [ '1.0.4' ],
139 silly audit   'typed-array-length': [ '1.0.7' ],
139 silly audit   'unbox-primitive': [ '1.1.0' ],
139 silly audit   'which-boxed-primitive': [ '1.1.1' ],
139 silly audit   'which-builtin-type': [ '1.2.1' ],
139 silly audit   'which-collection': [ '1.0.2' ],
139 silly audit   'which-typed-array': [ '1.1.19' ],
139 silly audit   'eslint-plugin-jsx-a11y': [ '6.10.2' ],
139 silly audit   'aria-query': [ '5.3.2' ],
139 silly audit   'ast-types-flow': [ '0.0.8' ],
139 silly audit   'axe-core': [ '4.10.3' ],
139 silly audit   'axobject-query': [ '4.1.0' ],
139 silly audit   'damerau-levenshtein': [ '1.0.8' ],
139 silly audit   'emoji-regex': [ '9.2.2', '8.0.0' ],
139 silly audit   'jsx-ast-utils': [ '3.3.5' ],
139 silly audit   'language-subtag-registry': [ '0.3.23' ],
139 silly audit   'language-tags': [ '1.0.9' ],
139 silly audit   'string.prototype.includes': [ '2.0.1' ],
139 silly audit   'eslint-plugin-react': [ '7.37.5' ],
139 silly audit   'eslint-plugin-react-hooks': [ '5.2.0' ],
139 silly audit   'array.prototype.findlast': [ '1.2.5' ],
139 silly audit   'array.prototype.tosorted': [ '1.1.4' ],
139 silly audit   'es-iterator-helpers': [ '1.2.1' ],
139 silly audit   estraverse: [ '5.3.0' ],
139 silly audit   'iterator.prototype': [ '1.1.5' ],
139 silly audit   'object.entries': [ '1.1.9' ],
139 silly audit   'string.prototype.matchall': [ '4.0.12' ],
139 silly audit   'string.prototype.repeat': [ '1.0.0' ],
139 silly audit   'eslint-scope': [ '8.4.0' ],
139 silly audit   esrecurse: [ '4.3.0' ],
139 silly audit   espree: [ '10.4.0' ],
139 silly audit   acorn: [ '8.15.0' ],
139 silly audit   'acorn-jsx': [ '5.3.2' ],
139 silly audit   esquery: [ '1.6.0' ],
139 silly audit   esutils: [ '2.0.3' ],
139 silly audit   'fast-deep-equal': [ '3.1.3' ],
139 silly audit   'faye-websocket': [ '0.11.4' ],
139 silly audit   'file-entry-cache': [ '8.0.0' ],
139 silly audit   'flat-cache': [ '4.0.1' ],
139 silly audit   flatted: [ '3.3.3' ],
139 silly audit   'json-buffer': [ '3.0.1' ],
139 silly audit   keyv: [ '4.5.4' ],
139 silly audit   'find-up': [ '5.0.0' ],
139 silly audit   'locate-path': [ '6.0.0' ],
139 silly audit   'p-limit': [ '3.1.0' ],
139 silly audit   'p-locate': [ '5.0.0' ],
139 silly audit   'path-exists': [ '4.0.0' ],
139 silly audit   'yocto-queue': [ '0.1.0' ],
139 silly audit   firebase: [ '12.3.0' ],
139 silly audit   'fraction.js': [ '4.3.7' ],
139 silly audit   'framer-motion': [ '12.23.22' ],
139 silly audit   'get-caller-file': [ '2.0.5' ],
139 silly audit   globals: [ '14.0.0' ],
139 silly audit   gsap: [ '3.13.0' ],
139 silly audit   'http-parser-js': [ '0.5.10' ],
139 silly audit   idb: [ '7.1.1' ],
139 silly audit   'import-fresh': [ '3.3.1' ],
139 silly audit   callsites: [ '3.1.0' ],
139 silly audit   'parent-module': [ '1.0.1' ],
139 silly audit   'resolve-from': [ '4.0.0' ],
139 silly audit   imurmurhash: [ '0.1.4' ],
139 silly audit   'is-fullwidth-code-point': [ '3.0.0' ],
139 silly audit   'is-glob': [ '4.0.3' ],
139 silly audit   'is-extglob': [ '2.1.1' ],
139 silly audit   'js-yaml': [ '4.1.0' ],
139 silly audit   argparse: [ '2.0.1' ],
139 silly audit   'json-stable-stringify-without-jsonify': [ '1.0.1' ],
139 silly audit   'lodash.camelcase': [ '4.3.0' ],
139 silly audit   'lodash.merge': [ '4.6.2' ],
139 silly audit   long: [ '5.3.2' ],
139 silly audit   'loose-envify': [ '1.4.0' ],
139 silly audit   'js-tokens': [ '4.0.0' ],
139 silly audit   'lucide-react': [ '0.544.0' ],
139 silly audit   'concat-map': [ '0.0.1' ],
139 silly audit   'motion-dom': [ '12.23.21' ],
139 silly audit   'motion-utils': [ '12.23.6' ],
139 silly audit   'natural-compare': [ '1.4.0' ],
139 silly audit   next: [ '15.5.4' ],
139 silly audit   nanoid: [ '3.3.11' ],
139 silly audit   postcss: [ '8.4.31', '8.5.6' ],
139 silly audit   'node-releases': [ '2.0.21' ],
139 silly audit   'normalize-range': [ '0.1.2' ],
139 silly audit   optionator: [ '0.9.4' ],
139 silly audit   'deep-is': [ '0.1.4' ],
139 silly audit   'fast-levenshtein': [ '2.0.6' ],
139 silly audit   'word-wrap': [ '1.2.5' ],
139 silly audit   picocolors: [ '1.1.1' ],
139 silly audit   'postcss-value-parser': [ '4.2.0' ],
139 silly audit   protobufjs: [ '7.5.4' ],
139 silly audit   qs: [ '6.14.0' ],
139 silly audit   react: [ '18.3.1' ],
139 silly audit   'react-dom': [ '18.3.1' ],
139 silly audit   'react-hook-form': [ '7.63.0' ],
139 silly audit   'require-directory': [ '2.1.1' ],
139 silly audit   'safe-buffer': [ '5.2.1' ],
139 silly audit   scheduler: [ '0.23.2' ],
139 silly audit   sharp: [ '0.34.4' ],
139 silly audit   '@img/colour': [ '1.0.0' ],
139 silly audit   '@img/sharp-darwin-arm64': [ '0.34.4' ],
139 silly audit   '@img/sharp-darwin-x64': [ '0.34.4' ],
139 silly audit   '@img/sharp-libvips-darwin-arm64': [ '1.2.3' ],
139 silly audit   '@img/sharp-libvips-darwin-x64': [ '1.2.3' ],
139 silly audit   '@img/sharp-libvips-linux-arm': [ '1.2.3' ],
139 silly audit   '@img/sharp-libvips-linux-arm64': [ '1.2.3' ],
139 silly audit   '@img/sharp-libvips-linux-ppc64': [ '1.2.3' ],
139 silly audit   '@img/sharp-libvips-linux-s390x': [ '1.2.3' ],
139 silly audit   '@img/sharp-libvips-linux-x64': [ '1.2.3' ],
139 silly audit   '@img/sharp-libvips-linuxmusl-arm64': [ '1.2.3' ],
139 silly audit   '@img/sharp-libvips-linuxmusl-x64': [ '1.2.3' ],
139 silly audit   '@img/sharp-linux-arm': [ '0.34.4' ],
139 silly audit   '@img/sharp-linux-arm64': [ '0.34.4' ],
139 silly audit   '@img/sharp-linux-ppc64': [ '0.34.4' ],
139 silly audit   '@img/sharp-linux-s390x': [ '0.34.4' ],
139 silly audit   '@img/sharp-linux-x64': [ '0.34.4' ],
139 silly audit   '@img/sharp-linuxmusl-arm64': [ '0.34.4' ],
139 silly audit   '@img/sharp-linuxmusl-x64': [ '0.34.4' ],
139 silly audit   '@img/sharp-wasm32': [ '0.34.4' ],
139 silly audit   '@img/sharp-win32-arm64': [ '0.34.4' ],
139 silly audit   '@img/sharp-win32-ia32': [ '0.34.4' ],
139 silly audit   '@img/sharp-win32-x64': [ '0.34.4' ],
139 silly audit   'string-width': [ '4.2.3' ],
139 silly audit   'strip-ansi': [ '6.0.1' ],
139 silly audit   'strip-json-comments': [ '3.1.1' ],
139 silly audit   stripe: [ '18.5.0' ],
139 silly audit   'styled-jsx': [ '5.1.6' ],
139 silly audit   'client-only': [ '0.0.1' ],
139 silly audit   tailwindcss: [ '4.1.13' ],
139 silly audit   typescript: [ '5.9.2' ],
139 silly audit   'undici-types': [ '6.21.0' ],
139 silly audit   'update-browserslist-db': [ '1.1.3' ],
139 silly audit   'web-vitals': [ '4.2.4' ],
139 silly audit   'websocket-driver': [ '0.7.4' ],
139 silly audit   'websocket-extensions': [ '0.1.4' ],
139 silly audit   'wrap-ansi': [ '7.0.0' ],
139 silly audit   y18n: [ '5.0.8' ],
139 silly audit   yargs: [ '17.7.2' ],
139 silly audit   'yargs-parser': [ '21.1.1' ],
139 silly audit   zod: [ '3.25.76' ],
139 silly audit   jspdf: [ '3.0.3' ],
139 silly audit   '@babel/runtime': [ '7.28.4' ],
139 silly audit   canvg: [ '3.0.11' ],
139 silly audit   'core-js': [ '3.45.1' ],
139 silly audit   dompurify: [ '3.2.7' ],
139 silly audit   'fast-png': [ '6.4.0' ],
139 silly audit   fflate: [ '0.8.2' ],
139 silly audit   html2canvas: [ '1.4.1' ],
139 silly audit   '@types/raf': [ '3.4.3' ],
139 silly audit   raf: [ '3.4.1' ],
139 silly audit   'regenerator-runtime': [ '0.13.11' ],
139 silly audit   rgbcolor: [ '1.0.1' ],
139 silly audit   'stackblur-canvas': [ '2.7.0' ],
139 silly audit   'svg-pathdata': [ '6.0.3' ],
139 silly audit   '@types/trusted-types': [ '2.0.7' ],
139 silly audit   '@types/pako': [ '2.0.4' ],
139 silly audit   iobuffer: [ '5.4.0' ],
139 silly audit   pako: [ '2.1.0' ],
139 silly audit   'css-line-break': [ '2.1.0' ],
139 silly audit   'text-segmentation': [ '1.0.3' ],
139 silly audit   utrie: [ '1.0.2' ],
139 silly audit   'performance-now': [ '2.1.0' ],
139 silly audit   'base64-arraybuffer': [ '1.0.2' ]
139 silly audit }
140 http cache performance-now@https://registry.npmjs.org/performance-now/-/performance-now-2.1.0.tgz 0ms (cache hit)
141 http cache base64-arraybuffer@https://registry.npmjs.org/base64-arraybuffer/-/base64-arraybuffer-1.0.2.tgz 0ms (cache hit)
142 http cache utrie@https://registry.npmjs.org/utrie/-/utrie-1.0.2.tgz 0ms (cache hit)
143 http cache text-segmentation@https://registry.npmjs.org/text-segmentation/-/text-segmentation-1.0.3.tgz 0ms (cache hit)
144 http cache pako@https://registry.npmjs.org/pako/-/pako-2.1.0.tgz 0ms (cache hit)
145 http cache css-line-break@https://registry.npmjs.org/css-line-break/-/css-line-break-2.1.0.tgz 0ms (cache hit)
146 http cache iobuffer@https://registry.npmjs.org/iobuffer/-/iobuffer-5.4.0.tgz 0ms (cache hit)
147 http cache svg-pathdata@https://registry.npmjs.org/svg-pathdata/-/svg-pathdata-6.0.3.tgz 0ms (cache hit)
148 http cache @types/pako@https://registry.npmjs.org/@types/pako/-/pako-2.0.4.tgz 1ms (cache hit)
149 http cache @types/trusted-types@https://registry.npmjs.org/@types/trusted-types/-/trusted-types-2.0.7.tgz 0ms (cache hit)
150 http cache rgbcolor@https://registry.npmjs.org/rgbcolor/-/rgbcolor-1.0.1.tgz 0ms (cache hit)
151 http cache stackblur-canvas@https://registry.npmjs.org/stackblur-canvas/-/stackblur-canvas-2.7.0.tgz 0ms (cache hit)
152 http cache @types/raf@https://registry.npmjs.org/@types/raf/-/raf-3.4.3.tgz 1ms (cache hit)
153 http cache regenerator-runtime@https://registry.npmjs.org/regenerator-runtime/-/regenerator-runtime-0.13.11.tgz 0ms (cache hit)
154 http cache raf@https://registry.npmjs.org/raf/-/raf-3.4.1.tgz 0ms (cache hit)
155 http cache fast-png@https://registry.npmjs.org/fast-png/-/fast-png-6.4.0.tgz 0ms (cache hit)
156 http cache fflate@https://registry.npmjs.org/fflate/-/fflate-0.8.2.tgz 0ms (cache hit)
157 http cache html2canvas@https://registry.npmjs.org/html2canvas/-/html2canvas-1.4.1.tgz 0ms (cache hit)
158 http cache dompurify@https://registry.npmjs.org/dompurify/-/dompurify-3.2.7.tgz 0ms (cache hit)
159 http cache core-js@https://registry.npmjs.org/core-js/-/core-js-3.45.1.tgz 0ms (cache hit)
160 http cache canvg@https://registry.npmjs.org/canvg/-/canvg-3.0.11.tgz 0ms (cache hit)
161 http cache @babel/runtime@https://registry.npmjs.org/@babel/runtime/-/runtime-7.28.4.tgz 0ms (cache hit)
162 silly tarball no local data for performance-now@https://registry.npmjs.org/performance-now/-/performance-now-2.1.0.tgz. Extracting by manifest.
163 http cache jspdf@https://registry.npmjs.org/jspdf/-/jspdf-3.0.3.tgz 0ms (cache hit)
164 silly tarball no local data for base64-arraybuffer@https://registry.npmjs.org/base64-arraybuffer/-/base64-arraybuffer-1.0.2.tgz. Extracting by manifest.
165 silly tarball no local data for utrie@https://registry.npmjs.org/utrie/-/utrie-1.0.2.tgz. Extracting by manifest.
166 silly tarball no local data for text-segmentation@https://registry.npmjs.org/text-segmentation/-/text-segmentation-1.0.3.tgz. Extracting by manifest.
167 silly tarball no local data for pako@https://registry.npmjs.org/pako/-/pako-2.1.0.tgz. Extracting by manifest.
168 silly tarball no local data for css-line-break@https://registry.npmjs.org/css-line-break/-/css-line-break-2.1.0.tgz. Extracting by manifest.
169 silly tarball no local data for iobuffer@https://registry.npmjs.org/iobuffer/-/iobuffer-5.4.0.tgz. Extracting by manifest.
170 silly tarball no local data for svg-pathdata@https://registry.npmjs.org/svg-pathdata/-/svg-pathdata-6.0.3.tgz. Extracting by manifest.
171 silly tarball no local data for @types/pako@https://registry.npmjs.org/@types/pako/-/pako-2.0.4.tgz. Extracting by manifest.
172 silly tarball no local data for @types/trusted-types@https://registry.npmjs.org/@types/trusted-types/-/trusted-types-2.0.7.tgz. Extracting by manifest.
173 silly tarball no local data for rgbcolor@https://registry.npmjs.org/rgbcolor/-/rgbcolor-1.0.1.tgz. Extracting by manifest.
174 silly tarball no local data for stackblur-canvas@https://registry.npmjs.org/stackblur-canvas/-/stackblur-canvas-2.7.0.tgz. Extracting by manifest.
175 silly tarball no local data for @types/raf@https://registry.npmjs.org/@types/raf/-/raf-3.4.3.tgz. Extracting by manifest.
176 silly tarball no local data for regenerator-runtime@https://registry.npmjs.org/regenerator-runtime/-/regenerator-runtime-0.13.11.tgz. Extracting by manifest.
177 silly tarball no local data for raf@https://registry.npmjs.org/raf/-/raf-3.4.1.tgz. Extracting by manifest.
178 silly tarball no local data for fast-png@https://registry.npmjs.org/fast-png/-/fast-png-6.4.0.tgz. Extracting by manifest.
179 silly tarball no local data for fflate@https://registry.npmjs.org/fflate/-/fflate-0.8.2.tgz. Extracting by manifest.
180 silly tarball no local data for html2canvas@https://registry.npmjs.org/html2canvas/-/html2canvas-1.4.1.tgz. Extracting by manifest.
181 silly tarball no local data for dompurify@https://registry.npmjs.org/dompurify/-/dompurify-3.2.7.tgz. Extracting by manifest.
182 silly tarball no local data for core-js@https://registry.npmjs.org/core-js/-/core-js-3.45.1.tgz. Extracting by manifest.
183 silly tarball no local data for canvg@https://registry.npmjs.org/canvg/-/canvg-3.0.11.tgz. Extracting by manifest.
184 silly tarball no local data for @babel/runtime@https://registry.npmjs.org/@babel/runtime/-/runtime-7.28.4.tgz. Extracting by manifest.
185 silly tarball no local data for jspdf@https://registry.npmjs.org/jspdf/-/jspdf-3.0.3.tgz. Extracting by manifest.
186 http fetch POST 200 https://registry.npmjs.org/-/npm/v1/security/advisories/bulk 1040ms
187 silly audit report {}
188 http fetch GET 200 https://registry.npmjs.org/base64-arraybuffer/-/base64-arraybuffer-1.0.2.tgz 4084ms (cache miss)
189 http fetch GET 200 https://registry.npmjs.org/@types/raf/-/raf-3.4.3.tgz 4587ms (cache miss)
190 http fetch GET 200 https://registry.npmjs.org/@types/pako/-/pako-2.0.4.tgz 4758ms (cache miss)
191 http fetch GET 200 https://registry.npmjs.org/@types/trusted-types/-/trusted-types-2.0.7.tgz 4764ms (cache miss)
192 http fetch GET 200 https://registry.npmjs.org/raf/-/raf-3.4.1.tgz 5023ms (cache miss)
193 http fetch GET 200 https://registry.npmjs.org/rgbcolor/-/rgbcolor-1.0.1.tgz 5381ms (cache miss)
194 http fetch GET 200 https://registry.npmjs.org/regenerator-runtime/-/regenerator-runtime-0.13.11.tgz 6873ms (cache miss)
195 http fetch GET 200 https://registry.npmjs.org/performance-now/-/performance-now-2.1.0.tgz 11417ms (cache miss)
196 http fetch GET 200 https://registry.npmjs.org/iobuffer/-/iobuffer-5.4.0.tgz 11475ms (cache miss)
197 http fetch GET 200 https://registry.npmjs.org/stackblur-canvas/-/stackblur-canvas-2.7.0.tgz 11719ms (cache miss)
198 http fetch GET 200 https://registry.npmjs.org/text-segmentation/-/text-segmentation-1.0.3.tgz 11901ms (cache miss)
199 http fetch GET 200 https://registry.npmjs.org/dompurify/-/dompurify-3.2.7.tgz 12454ms (cache miss)
200 http fetch GET 200 https://registry.npmjs.org/fflate/-/fflate-0.8.2.tgz 12868ms (cache miss)
201 http fetch GET 200 https://registry.npmjs.org/utrie/-/utrie-1.0.2.tgz 13402ms (cache miss)
202 http fetch GET 200 https://registry.npmjs.org/css-line-break/-/css-line-break-2.1.0.tgz 13425ms (cache miss)
203 http fetch GET 200 https://registry.npmjs.org/svg-pathdata/-/svg-pathdata-6.0.3.tgz 13746ms (cache miss)
204 http fetch GET 200 https://registry.npmjs.org/pako/-/pako-2.1.0.tgz 18786ms (cache miss)
205 http fetch GET 200 https://registry.npmjs.org/fast-png/-/fast-png-6.4.0.tgz 22931ms (cache miss)
206 http fetch GET 200 https://registry.npmjs.org/canvg/-/canvg-3.0.11.tgz 26999ms (cache miss)
207 http fetch GET 200 https://registry.npmjs.org/@babel/runtime/-/runtime-7.28.4.tgz 28383ms (cache miss)
208 http fetch GET 200 https://registry.npmjs.org/jspdf/-/jspdf-3.0.3.tgz 29209ms (cache miss)
209 http fetch GET 200 https://registry.npmjs.org/html2canvas/-/html2canvas-1.4.1.tgz 44655ms (cache miss)
210 http fetch GET 200 https://registry.npmjs.org/core-js/-/core-js-3.45.1.tgz 192455ms (cache miss)
211 info run core-js@3.45.1 postinstall node_modules/core-js node -e "try{require('./postinstall')}catch(e){}"
212 info run core-js@3.45.1 postinstall { code: 0, signal: null }
213 silly ADD node_modules/base64-arraybuffer
214 silly ADD node_modules/performance-now
215 silly ADD node_modules/utrie
216 silly ADD node_modules/text-segmentation
217 silly ADD node_modules/css-line-break
218 silly ADD node_modules/pako
219 silly ADD node_modules/iobuffer
220 silly ADD node_modules/@types/pako
221 silly ADD node_modules/@types/trusted-types
222 silly ADD node_modules/svg-pathdata
223 silly ADD node_modules/stackblur-canvas
224 silly ADD node_modules/rgbcolor
225 silly ADD node_modules/regenerator-runtime
226 silly ADD node_modules/raf
227 silly ADD node_modules/@types/raf
228 silly ADD node_modules/html2canvas
229 silly ADD node_modules/fflate
230 silly ADD node_modules/fast-png
231 silly ADD node_modules/dompurify
232 silly ADD node_modules/core-js
233 silly ADD node_modules/canvg
234 silly ADD node_modules/@babel/runtime
235 silly ADD node_modules/jspdf
236 verbose cwd C:\Users\Preet\Desktop\ARPK-V.0.2\arpk
237 verbose os Windows_NT 10.0.26100
238 verbose node v22.20.0
239 verbose npm  v11.6.0
240 notice
240 notice New [36mpatch[39m version of npm available! [36m11.6.0[39m -> [34m11.6.1[39m
240 notice Changelog: [34mhttps://github.com/npm/cli/releases/tag/v11.6.1[39m
240 notice To update run: [4mnpm install -g npm@11.6.1[24m
240 notice  { force: true, [Symbol(proc-log.meta)]: true }
241 verbose exit 0
242 info ok
